<?xml version="1.0" encoding="UTF-8"?>
<!-- Generated by org.testng.reporters.JUnitXMLReporter -->
<testsuite ignored="0" hostname="DESKTOP-C28O1GT" failures="0" tests="3" name="Test" time="26.544" errors="0" timestamp="11 Jan 2024 17:34:25 GMT">
  <testcase classname="com.SelenumFrameWorkEasyPart.NavigateToWebsiteAndVerifyTheTitleOfThePage" name="titleOfThePage" time="0.068"/>
  <testcase classname="com.SelenumFrameWorkEasyPart.NavigateToWebsite" name="clickLinkAndVerifyElement" time="4.972"/>
  <testcase classname="com.SelenumFrameWorkEasyPart.FillOutLoginForm" name="LoginWithValidCredinrtials" time="0.717"/>
</testsuite> <!-- Test -->
